<?xml version="1.0" encoding="UTF-8"?>
<testsuite xmlns:xsi="http://www.w3.org/2001/XMLSchema-instance" xsi:noNamespaceSchemaLocation="https://maven.apache.org/surefire/maven-surefire-plugin/xsd/surefire-test-report-3.0.xsd" version="3.0" name="ProntuarioTest" time="0.108" tests="6" errors="0" skipped="0" failures="0">
  <properties>
[...]
</properties>
  <testcase name="testSomenteProcedimentos" classname="ProntuarioTest" time="0.041"/>
  <testcase name="testCarregarArquivoCompleto" classname="ProntuarioTest" time="0.014">
    <system-out><![CDATA[Adalgisa da Silva,ENFERMARIA,20                  ,                 ,
Adalgisa da Silva,          ,                    ,BASICO           ,20
Adalgisa da Silva,          ,                    ,AVANCADO         ,15
]]></system-out>
  </testcase>
  <testcase name="testSomenteInternacao" classname="ProntuarioTest" time="0.0"/>
  <testcase name="testCarregarArquivoSemInternacao" classname="ProntuarioTest" time="0.0">
    <system-out><![CDATA[Ermenegildo Godofredo,          ,                    ,BASICO           ,10
Ermenegildo Godofredo,          ,                    ,COMUM            ,2
]]></system-out>
  </testcase>
  <testcase name="testInternacaoComProcedimentos" classname="ProntuarioTest" time="0.0"/>
  <testcase name="testCarregarArquivoSemProcedimentos" classname="ProntuarioTest" time="0.0">
    <system-out><![CDATA[Ruither Silveira,APARTAMENTO,10                  ,                 ,
]]></system-out>
  </testcase>
</testsuite>